[23-Apr-2020 06:47:18 UTC] PHP Warning:  require(./filter-product.php): failed to open stream: No such file or directory in C:\xampp\htdocs\wordpress\wp-content\plugins\my-plugin\views\list-product.php on line 6
[23-Apr-2020 06:47:18 UTC] PHP Fatal error:  require(): Failed opening required './filter-product.php' (include_path='C:\xampp\php\PEAR') in C:\xampp\htdocs\wordpress\wp-content\plugins\my-plugin\views\list-product.php on line 6
[23-Apr-2020 06:47:20 UTC] PHP Warning:  require(./filter-product.php): failed to open stream: No such file or directory in C:\xampp\htdocs\wordpress\wp-content\plugins\my-plugin\views\list-product.php on line 6
[23-Apr-2020 06:47:20 UTC] PHP Fatal error:  require(): Failed opening required './filter-product.php' (include_path='C:\xampp\php\PEAR') in C:\xampp\htdocs\wordpress\wp-content\plugins\my-plugin\views\list-product.php on line 6
[23-Apr-2020 06:47:28 UTC] PHP Warning:  require(./filter-product.php): failed to open stream: No such file or directory in C:\xampp\htdocs\wordpress\wp-content\plugins\my-plugin\views\list-product.php on line 6
[23-Apr-2020 06:47:28 UTC] PHP Fatal error:  require(): Failed opening required './filter-product.php' (include_path='C:\xampp\php\PEAR') in C:\xampp\htdocs\wordpress\wp-content\plugins\my-plugin\views\list-product.php on line 6
[23-Apr-2020 06:49:57 UTC] PHP Warning:  require(./filter-product.php): failed to open stream: No such file or directory in C:\xampp\htdocs\wordpress\wp-content\plugins\my-plugin\views\list-product.php on line 6
[23-Apr-2020 06:49:57 UTC] PHP Fatal error:  require(): Failed opening required './filter-product.php' (include_path='C:\xampp\php\PEAR') in C:\xampp\htdocs\wordpress\wp-content\plugins\my-plugin\views\list-product.php on line 6
[23-Apr-2020 06:51:11 UTC] PHP Warning:  require(./filter-product.php): failed to open stream: No such file or directory in C:\xampp\htdocs\wordpress\wp-content\plugins\my-plugin\views\list-product.php on line 6
[23-Apr-2020 06:51:11 UTC] PHP Fatal error:  require(): Failed opening required './filter-product.php' (include_path='C:\xampp\php\PEAR') in C:\xampp\htdocs\wordpress\wp-content\plugins\my-plugin\views\list-product.php on line 6
[23-Apr-2020 07:03:02 UTC] PHP Warning:  require_once(C:\xampp\htdocs\wordpress\wp-content\plugins\akismet/plugin-rest-api.php): failed to open stream: No such file or directory in C:\xampp\htdocs\wordpress\wp-content\plugins\my-plugin\myplugin.php on line 41
[23-Apr-2020 07:03:02 UTC] PHP Fatal error:  require_once(): Failed opening required 'C:\xampp\htdocs\wordpress\wp-content\plugins\akismet/plugin-rest-api.php' (include_path='C:\xampp\php\PEAR') in C:\xampp\htdocs\wordpress\wp-content\plugins\my-plugin\myplugin.php on line 41
[23-Apr-2020 07:03:03 UTC] PHP Warning:  require_once(C:\xampp\htdocs\wordpress\wp-content\plugins\akismet/plugin-rest-api.php): failed to open stream: No such file or directory in C:\xampp\htdocs\wordpress\wp-content\plugins\my-plugin\myplugin.php on line 41
[23-Apr-2020 07:03:03 UTC] PHP Fatal error:  require_once(): Failed opening required 'C:\xampp\htdocs\wordpress\wp-content\plugins\akismet/plugin-rest-api.php' (include_path='C:\xampp\php\PEAR') in C:\xampp\htdocs\wordpress\wp-content\plugins\my-plugin\myplugin.php on line 41
[23-Apr-2020 07:03:03 UTC] PHP Warning:  require_once(C:\xampp\htdocs\wordpress\wp-content\plugins\akismet/plugin-rest-api.php): failed to open stream: No such file or directory in C:\xampp\htdocs\wordpress\wp-content\plugins\my-plugin\myplugin.php on line 41
[23-Apr-2020 07:03:03 UTC] PHP Fatal error:  require_once(): Failed opening required 'C:\xampp\htdocs\wordpress\wp-content\plugins\akismet/plugin-rest-api.php' (include_path='C:\xampp\php\PEAR') in C:\xampp\htdocs\wordpress\wp-content\plugins\my-plugin\myplugin.php on line 41
[23-Apr-2020 07:10:49 UTC] PHP Recoverable fatal error:  Object of class WP_REST_Request could not be converted to string in C:\xampp\htdocs\wordpress\wp-content\plugins\my-plugin\views\table-product.php on line 3
[23-Apr-2020 07:14:18 UTC] PHP Warning:  Invalid argument supplied for foreach() in C:\xampp\htdocs\wordpress\wp-content\plugins\my-plugin\views\table-product.php on line 3
[23-Apr-2020 07:17:14 UTC] PHP Warning:  Invalid argument supplied for foreach() in C:\xampp\htdocs\wordpress\wp-content\plugins\my-plugin\views\table-product.php on line 3
[23-Apr-2020 07:50:38 UTC] PHP Notice:  Undefined property: stdClass::$name in C:\xampp\htdocs\wordpress\wp-content\plugins\my-plugin\views\table-product.php on line 24
[23-Apr-2020 07:50:38 UTC] PHP Notice:  Undefined property: stdClass::$name in C:\xampp\htdocs\wordpress\wp-content\plugins\my-plugin\views\table-product.php on line 29
[23-Apr-2020 07:50:38 UTC] PHP Notice:  Undefined property: stdClass::$name in C:\xampp\htdocs\wordpress\wp-content\plugins\my-plugin\views\table-product.php on line 35
[23-Apr-2020 07:50:38 UTC] PHP Notice:  Undefined property: stdClass::$text in C:\xampp\htdocs\wordpress\wp-content\plugins\my-plugin\views\table-product.php on line 39
[23-Apr-2020 07:50:38 UTC] PHP Notice:  Undefined property: stdClass::$text in C:\xampp\htdocs\wordpress\wp-content\plugins\my-plugin\views\table-product.php on line 41
[23-Apr-2020 07:50:38 UTC] PHP Notice:  Undefined property: stdClass::$time in C:\xampp\htdocs\wordpress\wp-content\plugins\my-plugin\views\table-product.php on line 42
[23-Apr-2020 07:58:00 UTC] PHP Notice:  wpdb::prepare được gọi là <strong>không chính xác</strong>. Không hỗ trợ kiểu giá trị (array). Vui lòng xem <a href="https://wordpress.org/support/article/debugging-in-wordpress/">Hướng dẫn Debug trong WordPress</a> để biết thêm thông tin. (Thông điệp này đã được thêm vào trong phiên bản 4.8.2.) in C:\xampp\htdocs\wordpress\wp-includes\functions.php on line 5167
[23-Apr-2020 07:58:00 UTC] PHP Notice:  wpdb::prepare được gọi là <strong>không chính xác</strong>. Không hỗ trợ kiểu giá trị (array). Vui lòng xem <a href="https://wordpress.org/support/article/debugging-in-wordpress/">Hướng dẫn Debug trong WordPress</a> để biết thêm thông tin. (Thông điệp này đã được thêm vào trong phiên bản 4.8.2.) in C:\xampp\htdocs\wordpress\wp-includes\functions.php on line 5167
[23-Apr-2020 07:58:00 UTC] PHP Notice:  wpdb::prepare được gọi là <strong>không chính xác</strong>. Không hỗ trợ kiểu giá trị (array). Vui lòng xem <a href="https://wordpress.org/support/article/debugging-in-wordpress/">Hướng dẫn Debug trong WordPress</a> để biết thêm thông tin. (Thông điệp này đã được thêm vào trong phiên bản 4.8.2.) in C:\xampp\htdocs\wordpress\wp-includes\functions.php on line 5167
[23-Apr-2020 07:58:00 UTC] PHP Warning:  mysqli_real_escape_string() expects parameter 2 to be string, array given in C:\xampp\htdocs\wordpress\wp-includes\wp-db.php on line 1158
[23-Apr-2020 07:58:00 UTC] PHP Warning:  mysqli_real_escape_string() expects parameter 2 to be string, array given in C:\xampp\htdocs\wordpress\wp-includes\wp-db.php on line 1158
[23-Apr-2020 07:58:00 UTC] PHP Warning:  mysqli_real_escape_string() expects parameter 2 to be string, array given in C:\xampp\htdocs\wordpress\wp-includes\wp-db.php on line 1158
[23-Apr-2020 07:58:00 UTC] Cơ sở dữ liệu của WordPress gặp lỗi Unknown column '0' in 'field list' với truy vấn INSERT INTO `wp_product` (`0`, `1`, `2`) VALUES ('', '', '') yêu cầu bởi activate_plugin, do_action('activate_my-plugin/myplugin.php'), WP_Hook->do_action, WP_Hook->apply_filters, jal_install_data
[29-Apr-2020 06:11:23 UTC] PHP Deprecated:  Giao diện không có footer.php is <strong>deprecated</strong> since version 3.0.0! Hiện không có giải pháp thay thế. Hãy định nghĩa mẫu footer.php trong giao diện của bạn. in C:\xampp\htdocs\wordpress\wp-includes\functions.php on line 4913
[29-Apr-2020 07:08:25 UTC] PHP Deprecated:  Giao diện không có footer.php is <strong>deprecated</strong> since version 3.0.0! Hiện không có giải pháp thay thế. Hãy định nghĩa mẫu footer.php trong giao diện của bạn. in C:\xampp\htdocs\wordpress\wp-includes\functions.php on line 4913
[29-Apr-2020 07:08:45 UTC] PHP Deprecated:  Giao diện không có footer.php is <strong>deprecated</strong> since version 3.0.0! Hiện không có giải pháp thay thế. Hãy định nghĩa mẫu footer.php trong giao diện của bạn. in C:\xampp\htdocs\wordpress\wp-includes\functions.php on line 4913
[29-Apr-2020 07:09:12 UTC] PHP Deprecated:  Giao diện không có footer.php is <strong>deprecated</strong> since version 3.0.0! Hiện không có giải pháp thay thế. Hãy định nghĩa mẫu footer.php trong giao diện của bạn. in C:\xampp\htdocs\wordpress\wp-includes\functions.php on line 4913
[29-Apr-2020 07:09:13 UTC] PHP Deprecated:  Giao diện không có footer.php is <strong>deprecated</strong> since version 3.0.0! Hiện không có giải pháp thay thế. Hãy định nghĩa mẫu footer.php trong giao diện của bạn. in C:\xampp\htdocs\wordpress\wp-includes\functions.php on line 4913
[29-Apr-2020 07:09:24 UTC] PHP Deprecated:  Giao diện không có footer.php is <strong>deprecated</strong> since version 3.0.0! Hiện không có giải pháp thay thế. Hãy định nghĩa mẫu footer.php trong giao diện của bạn. in C:\xampp\htdocs\wordpress\wp-includes\functions.php on line 4913
[29-Apr-2020 07:10:30 UTC] PHP Deprecated:  Giao diện không có footer.php is <strong>deprecated</strong> since version 3.0.0! Hiện không có giải pháp thay thế. Hãy định nghĩa mẫu footer.php trong giao diện của bạn. in C:\xampp\htdocs\wordpress\wp-includes\functions.php on line 4913
[29-Apr-2020 07:10:31 UTC] PHP Deprecated:  Giao diện không có footer.php is <strong>deprecated</strong> since version 3.0.0! Hiện không có giải pháp thay thế. Hãy định nghĩa mẫu footer.php trong giao diện của bạn. in C:\xampp\htdocs\wordpress\wp-includes\functions.php on line 4913
[29-Apr-2020 07:11:10 UTC] PHP Deprecated:  Giao diện không có footer.php is <strong>deprecated</strong> since version 3.0.0! Hiện không có giải pháp thay thế. Hãy định nghĩa mẫu footer.php trong giao diện của bạn. in C:\xampp\htdocs\wordpress\wp-includes\functions.php on line 4913
[29-Apr-2020 07:11:11 UTC] PHP Deprecated:  Giao diện không có footer.php is <strong>deprecated</strong> since version 3.0.0! Hiện không có giải pháp thay thế. Hãy định nghĩa mẫu footer.php trong giao diện của bạn. in C:\xampp\htdocs\wordpress\wp-includes\functions.php on line 4913
[29-Apr-2020 07:11:18 UTC] PHP Deprecated:  Giao diện không có footer.php is <strong>deprecated</strong> since version 3.0.0! Hiện không có giải pháp thay thế. Hãy định nghĩa mẫu footer.php trong giao diện của bạn. in C:\xampp\htdocs\wordpress\wp-includes\functions.php on line 4913
[29-Apr-2020 07:13:21 UTC] PHP Deprecated:  Giao diện không có footer.php is <strong>deprecated</strong> since version 3.0.0! Hiện không có giải pháp thay thế. Hãy định nghĩa mẫu footer.php trong giao diện của bạn. in C:\xampp\htdocs\wordpress\wp-includes\functions.php on line 4913
[29-Apr-2020 07:13:23 UTC] PHP Deprecated:  Giao diện không có footer.php is <strong>deprecated</strong> since version 3.0.0! Hiện không có giải pháp thay thế. Hãy định nghĩa mẫu footer.php trong giao diện của bạn. in C:\xampp\htdocs\wordpress\wp-includes\functions.php on line 4913
[29-Apr-2020 07:13:35 UTC] PHP Deprecated:  Giao diện không có footer.php is <strong>deprecated</strong> since version 3.0.0! Hiện không có giải pháp thay thế. Hãy định nghĩa mẫu footer.php trong giao diện của bạn. in C:\xampp\htdocs\wordpress\wp-includes\functions.php on line 4913
[29-Apr-2020 07:14:18 UTC] PHP Deprecated:  Giao diện không có footer.php is <strong>deprecated</strong> since version 3.0.0! Hiện không có giải pháp thay thế. Hãy định nghĩa mẫu footer.php trong giao diện của bạn. in C:\xampp\htdocs\wordpress\wp-includes\functions.php on line 4913
[29-Apr-2020 07:14:28 UTC] PHP Deprecated:  Giao diện không có footer.php is <strong>deprecated</strong> since version 3.0.0! Hiện không có giải pháp thay thế. Hãy định nghĩa mẫu footer.php trong giao diện của bạn. in C:\xampp\htdocs\wordpress\wp-includes\functions.php on line 4913
[29-Apr-2020 07:14:43 UTC] PHP Deprecated:  Giao diện không có footer.php is <strong>deprecated</strong> since version 3.0.0! Hiện không có giải pháp thay thế. Hãy định nghĩa mẫu footer.php trong giao diện của bạn. in C:\xampp\htdocs\wordpress\wp-includes\functions.php on line 4913
[29-Apr-2020 07:15:25 UTC] PHP Deprecated:  Giao diện không có footer.php is <strong>deprecated</strong> since version 3.0.0! Hiện không có giải pháp thay thế. Hãy định nghĩa mẫu footer.php trong giao diện của bạn. in C:\xampp\htdocs\wordpress\wp-includes\functions.php on line 4913
[29-Apr-2020 07:15:27 UTC] PHP Deprecated:  Giao diện không có footer.php is <strong>deprecated</strong> since version 3.0.0! Hiện không có giải pháp thay thế. Hãy định nghĩa mẫu footer.php trong giao diện của bạn. in C:\xampp\htdocs\wordpress\wp-includes\functions.php on line 4913
[29-Apr-2020 07:15:45 UTC] PHP Deprecated:  Giao diện không có footer.php is <strong>deprecated</strong> since version 3.0.0! Hiện không có giải pháp thay thế. Hãy định nghĩa mẫu footer.php trong giao diện của bạn. in C:\xampp\htdocs\wordpress\wp-includes\functions.php on line 4913
[29-Apr-2020 07:16:11 UTC] PHP Deprecated:  Giao diện không có footer.php is <strong>deprecated</strong> since version 3.0.0! Hiện không có giải pháp thay thế. Hãy định nghĩa mẫu footer.php trong giao diện của bạn. in C:\xampp\htdocs\wordpress\wp-includes\functions.php on line 4913
[29-Apr-2020 07:16:16 UTC] PHP Deprecated:  Giao diện không có footer.php is <strong>deprecated</strong> since version 3.0.0! Hiện không có giải pháp thay thế. Hãy định nghĩa mẫu footer.php trong giao diện của bạn. in C:\xampp\htdocs\wordpress\wp-includes\functions.php on line 4913
[29-Apr-2020 07:20:00 UTC] PHP Deprecated:  Giao diện không có footer.php is <strong>deprecated</strong> since version 3.0.0! Hiện không có giải pháp thay thế. Hãy định nghĩa mẫu footer.php trong giao diện của bạn. in C:\xampp\htdocs\wordpress\wp-includes\functions.php on line 4913
[29-Apr-2020 07:40:40 UTC] PHP Deprecated:  Giao diện không có footer.php is <strong>deprecated</strong> since version 3.0.0! Hiện không có giải pháp thay thế. Hãy định nghĩa mẫu footer.php trong giao diện của bạn. in C:\xampp\htdocs\wordpress\wp-includes\functions.php on line 4913
[29-Apr-2020 07:41:12 UTC] PHP Deprecated:  Giao diện không có footer.php is <strong>deprecated</strong> since version 3.0.0! Hiện không có giải pháp thay thế. Hãy định nghĩa mẫu footer.php trong giao diện của bạn. in C:\xampp\htdocs\wordpress\wp-includes\functions.php on line 4913
[29-Apr-2020 07:41:26 UTC] PHP Deprecated:  Giao diện không có footer.php is <strong>deprecated</strong> since version 3.0.0! Hiện không có giải pháp thay thế. Hãy định nghĩa mẫu footer.php trong giao diện của bạn. in C:\xampp\htdocs\wordpress\wp-includes\functions.php on line 4913
[29-Apr-2020 07:41:28 UTC] PHP Deprecated:  Giao diện không có footer.php is <strong>deprecated</strong> since version 3.0.0! Hiện không có giải pháp thay thế. Hãy định nghĩa mẫu footer.php trong giao diện của bạn. in C:\xampp\htdocs\wordpress\wp-includes\functions.php on line 4913
[29-Apr-2020 07:41:49 UTC] PHP Deprecated:  Giao diện không có footer.php is <strong>deprecated</strong> since version 3.0.0! Hiện không có giải pháp thay thế. Hãy định nghĩa mẫu footer.php trong giao diện của bạn. in C:\xampp\htdocs\wordpress\wp-includes\functions.php on line 4913
[29-Apr-2020 07:41:57 UTC] PHP Deprecated:  Giao diện không có footer.php is <strong>deprecated</strong> since version 3.0.0! Hiện không có giải pháp thay thế. Hãy định nghĩa mẫu footer.php trong giao diện của bạn. in C:\xampp\htdocs\wordpress\wp-includes\functions.php on line 4913
[29-Apr-2020 07:42:54 UTC] PHP Deprecated:  Giao diện không có footer.php is <strong>deprecated</strong> since version 3.0.0! Hiện không có giải pháp thay thế. Hãy định nghĩa mẫu footer.php trong giao diện của bạn. in C:\xampp\htdocs\wordpress\wp-includes\functions.php on line 4913
[29-Apr-2020 07:42:59 UTC] PHP Deprecated:  Giao diện không có footer.php is <strong>deprecated</strong> since version 3.0.0! Hiện không có giải pháp thay thế. Hãy định nghĩa mẫu footer.php trong giao diện của bạn. in C:\xampp\htdocs\wordpress\wp-includes\functions.php on line 4913
[29-Apr-2020 07:43:16 UTC] PHP Deprecated:  Giao diện không có footer.php is <strong>deprecated</strong> since version 3.0.0! Hiện không có giải pháp thay thế. Hãy định nghĩa mẫu footer.php trong giao diện của bạn. in C:\xampp\htdocs\wordpress\wp-includes\functions.php on line 4913
[29-Apr-2020 07:44:29 UTC] PHP Deprecated:  Giao diện không có footer.php is <strong>deprecated</strong> since version 3.0.0! Hiện không có giải pháp thay thế. Hãy định nghĩa mẫu footer.php trong giao diện của bạn. in C:\xampp\htdocs\wordpress\wp-includes\functions.php on line 4913
[29-Apr-2020 07:45:08 UTC] PHP Deprecated:  Giao diện không có footer.php is <strong>deprecated</strong> since version 3.0.0! Hiện không có giải pháp thay thế. Hãy định nghĩa mẫu footer.php trong giao diện của bạn. in C:\xampp\htdocs\wordpress\wp-includes\functions.php on line 4913
[29-Apr-2020 07:45:28 UTC] PHP Deprecated:  Giao diện không có footer.php is <strong>deprecated</strong> since version 3.0.0! Hiện không có giải pháp thay thế. Hãy định nghĩa mẫu footer.php trong giao diện của bạn. in C:\xampp\htdocs\wordpress\wp-includes\functions.php on line 4913
[29-Apr-2020 07:45:30 UTC] PHP Deprecated:  Giao diện không có footer.php is <strong>deprecated</strong> since version 3.0.0! Hiện không có giải pháp thay thế. Hãy định nghĩa mẫu footer.php trong giao diện của bạn. in C:\xampp\htdocs\wordpress\wp-includes\functions.php on line 4913
[29-Apr-2020 07:45:47 UTC] PHP Deprecated:  Giao diện không có footer.php is <strong>deprecated</strong> since version 3.0.0! Hiện không có giải pháp thay thế. Hãy định nghĩa mẫu footer.php trong giao diện của bạn. in C:\xampp\htdocs\wordpress\wp-includes\functions.php on line 4913
[29-Apr-2020 07:45:49 UTC] PHP Deprecated:  Giao diện không có footer.php is <strong>deprecated</strong> since version 3.0.0! Hiện không có giải pháp thay thế. Hãy định nghĩa mẫu footer.php trong giao diện của bạn. in C:\xampp\htdocs\wordpress\wp-includes\functions.php on line 4913
[29-Apr-2020 07:46:07 UTC] PHP Deprecated:  Giao diện không có footer.php is <strong>deprecated</strong> since version 3.0.0! Hiện không có giải pháp thay thế. Hãy định nghĩa mẫu footer.php trong giao diện của bạn. in C:\xampp\htdocs\wordpress\wp-includes\functions.php on line 4913
[29-Apr-2020 07:46:18 UTC] PHP Deprecated:  Giao diện không có footer.php is <strong>deprecated</strong> since version 3.0.0! Hiện không có giải pháp thay thế. Hãy định nghĩa mẫu footer.php trong giao diện của bạn. in C:\xampp\htdocs\wordpress\wp-includes\functions.php on line 4913
[29-Apr-2020 07:46:20 UTC] PHP Deprecated:  Giao diện không có footer.php is <strong>deprecated</strong> since version 3.0.0! Hiện không có giải pháp thay thế. Hãy định nghĩa mẫu footer.php trong giao diện của bạn. in C:\xampp\htdocs\wordpress\wp-includes\functions.php on line 4913
[29-Apr-2020 07:46:33 UTC] PHP Deprecated:  Giao diện không có footer.php is <strong>deprecated</strong> since version 3.0.0! Hiện không có giải pháp thay thế. Hãy định nghĩa mẫu footer.php trong giao diện của bạn. in C:\xampp\htdocs\wordpress\wp-includes\functions.php on line 4913
[29-Apr-2020 07:46:43 UTC] PHP Deprecated:  Giao diện không có footer.php is <strong>deprecated</strong> since version 3.0.0! Hiện không có giải pháp thay thế. Hãy định nghĩa mẫu footer.php trong giao diện của bạn. in C:\xampp\htdocs\wordpress\wp-includes\functions.php on line 4913
[29-Apr-2020 07:47:05 UTC] PHP Deprecated:  Giao diện không có footer.php is <strong>deprecated</strong> since version 3.0.0! Hiện không có giải pháp thay thế. Hãy định nghĩa mẫu footer.php trong giao diện của bạn. in C:\xampp\htdocs\wordpress\wp-includes\functions.php on line 4913
[29-Apr-2020 07:47:17 UTC] PHP Deprecated:  Giao diện không có footer.php is <strong>deprecated</strong> since version 3.0.0! Hiện không có giải pháp thay thế. Hãy định nghĩa mẫu footer.php trong giao diện của bạn. in C:\xampp\htdocs\wordpress\wp-includes\functions.php on line 4913
[29-Apr-2020 07:47:43 UTC] PHP Deprecated:  Giao diện không có footer.php is <strong>deprecated</strong> since version 3.0.0! Hiện không có giải pháp thay thế. Hãy định nghĩa mẫu footer.php trong giao diện của bạn. in C:\xampp\htdocs\wordpress\wp-includes\functions.php on line 4913
[29-Apr-2020 07:49:18 UTC] PHP Deprecated:  Giao diện không có footer.php is <strong>deprecated</strong> since version 3.0.0! Hiện không có giải pháp thay thế. Hãy định nghĩa mẫu footer.php trong giao diện của bạn. in C:\xampp\htdocs\wordpress\wp-includes\functions.php on line 4913
[29-Apr-2020 07:49:51 UTC] PHP Deprecated:  Giao diện không có footer.php is <strong>deprecated</strong> since version 3.0.0! Hiện không có giải pháp thay thế. Hãy định nghĩa mẫu footer.php trong giao diện của bạn. in C:\xampp\htdocs\wordpress\wp-includes\functions.php on line 4913
[29-Apr-2020 07:51:14 UTC] PHP Deprecated:  Giao diện không có footer.php is <strong>deprecated</strong> since version 3.0.0! Hiện không có giải pháp thay thế. Hãy định nghĩa mẫu footer.php trong giao diện của bạn. in C:\xampp\htdocs\wordpress\wp-includes\functions.php on line 4913
[29-Apr-2020 07:51:29 UTC] PHP Deprecated:  Giao diện không có footer.php is <strong>deprecated</strong> since version 3.0.0! Hiện không có giải pháp thay thế. Hãy định nghĩa mẫu footer.php trong giao diện của bạn. in C:\xampp\htdocs\wordpress\wp-includes\functions.php on line 4913
[29-Apr-2020 07:51:41 UTC] PHP Deprecated:  Giao diện không có footer.php is <strong>deprecated</strong> since version 3.0.0! Hiện không có giải pháp thay thế. Hãy định nghĩa mẫu footer.php trong giao diện của bạn. in C:\xampp\htdocs\wordpress\wp-includes\functions.php on line 4913
[29-Apr-2020 07:51:52 UTC] PHP Deprecated:  Giao diện không có footer.php is <strong>deprecated</strong> since version 3.0.0! Hiện không có giải pháp thay thế. Hãy định nghĩa mẫu footer.php trong giao diện của bạn. in C:\xampp\htdocs\wordpress\wp-includes\functions.php on line 4913
[29-Apr-2020 07:52:10 UTC] PHP Deprecated:  Giao diện không có footer.php is <strong>deprecated</strong> since version 3.0.0! Hiện không có giải pháp thay thế. Hãy định nghĩa mẫu footer.php trong giao diện của bạn. in C:\xampp\htdocs\wordpress\wp-includes\functions.php on line 4913
[29-Apr-2020 07:52:57 UTC] PHP Deprecated:  Giao diện không có footer.php is <strong>deprecated</strong> since version 3.0.0! Hiện không có giải pháp thay thế. Hãy định nghĩa mẫu footer.php trong giao diện của bạn. in C:\xampp\htdocs\wordpress\wp-includes\functions.php on line 4913
[29-Apr-2020 07:53:07 UTC] PHP Deprecated:  Giao diện không có footer.php is <strong>deprecated</strong> since version 3.0.0! Hiện không có giải pháp thay thế. Hãy định nghĩa mẫu footer.php trong giao diện của bạn. in C:\xampp\htdocs\wordpress\wp-includes\functions.php on line 4913
[29-Apr-2020 07:53:14 UTC] PHP Deprecated:  Giao diện không có footer.php is <strong>deprecated</strong> since version 3.0.0! Hiện không có giải pháp thay thế. Hãy định nghĩa mẫu footer.php trong giao diện của bạn. in C:\xampp\htdocs\wordpress\wp-includes\functions.php on line 4913
[29-Apr-2020 07:53:25 UTC] PHP Deprecated:  Giao diện không có footer.php is <strong>deprecated</strong> since version 3.0.0! Hiện không có giải pháp thay thế. Hãy định nghĩa mẫu footer.php trong giao diện của bạn. in C:\xampp\htdocs\wordpress\wp-includes\functions.php on line 4913
[29-Apr-2020 07:53:48 UTC] PHP Deprecated:  Giao diện không có footer.php is <strong>deprecated</strong> since version 3.0.0! Hiện không có giải pháp thay thế. Hãy định nghĩa mẫu footer.php trong giao diện của bạn. in C:\xampp\htdocs\wordpress\wp-includes\functions.php on line 4913
[29-Apr-2020 07:53:55 UTC] PHP Deprecated:  Giao diện không có footer.php is <strong>deprecated</strong> since version 3.0.0! Hiện không có giải pháp thay thế. Hãy định nghĩa mẫu footer.php trong giao diện của bạn. in C:\xampp\htdocs\wordpress\wp-includes\functions.php on line 4913
[29-Apr-2020 07:54:20 UTC] PHP Deprecated:  Giao diện không có footer.php is <strong>deprecated</strong> since version 3.0.0! Hiện không có giải pháp thay thế. Hãy định nghĩa mẫu footer.php trong giao diện của bạn. in C:\xampp\htdocs\wordpress\wp-includes\functions.php on line 4913
[29-Apr-2020 07:54:31 UTC] PHP Deprecated:  Giao diện không có footer.php is <strong>deprecated</strong> since version 3.0.0! Hiện không có giải pháp thay thế. Hãy định nghĩa mẫu footer.php trong giao diện của bạn. in C:\xampp\htdocs\wordpress\wp-includes\functions.php on line 4913
[29-Apr-2020 07:55:40 UTC] PHP Deprecated:  Giao diện không có footer.php is <strong>deprecated</strong> since version 3.0.0! Hiện không có giải pháp thay thế. Hãy định nghĩa mẫu footer.php trong giao diện của bạn. in C:\xampp\htdocs\wordpress\wp-includes\functions.php on line 4913
[29-Apr-2020 07:55:57 UTC] PHP Deprecated:  Giao diện không có footer.php is <strong>deprecated</strong> since version 3.0.0! Hiện không có giải pháp thay thế. Hãy định nghĩa mẫu footer.php trong giao diện của bạn. in C:\xampp\htdocs\wordpress\wp-includes\functions.php on line 4913
[29-Apr-2020 08:27:53 UTC] PHP Deprecated:  Giao diện không có footer.php is <strong>deprecated</strong> since version 3.0.0! Hiện không có giải pháp thay thế. Hãy định nghĩa mẫu footer.php trong giao diện của bạn. in C:\xampp\htdocs\wordpress\wp-includes\functions.php on line 4913
[29-Apr-2020 08:28:06 UTC] PHP Deprecated:  Giao diện không có footer.php is <strong>deprecated</strong> since version 3.0.0! Hiện không có giải pháp thay thế. Hãy định nghĩa mẫu footer.php trong giao diện của bạn. in C:\xampp\htdocs\wordpress\wp-includes\functions.php on line 4913
